Registered S3 method overwritten by 'rvest':
  method            from
  read_xml.response xml2
── Attaching packages ─────────────────────────────────────── tidyverse 1.2.1 ──
✔ ggplot2 3.2.1     ✔ purrr   0.3.3
✔ tibble  2.1.3     ✔ dplyr   1.0.2
✔ tidyr   1.0.2     ✔ stringr 1.4.0
✔ readr   1.3.1     ✔ forcats 0.4.0
── Conflicts ────────────────────────────────────────── tidyverse_conflicts() ──
✖ dplyr::filter() masks stats::filter()
✖ dplyr::lag()    masks stats::lag()
Loading required package: foreach

Attaching package: ‘foreach’

The following objects are masked from ‘package:purrr’:

    accumulate, when

Loading required package: iterators
Loading required package: parallel
Loading required package: rngtools
Loading required package: pkgmaker
Loading required package: registry

Attaching package: ‘pkgmaker’

The following object is masked from ‘package:base’:

    isFALSE

Joining, by = "id"
Joining, by = "id"
Joining, by = "id"
Joining, by = "id"
