── Attaching packages ─────────────────────────────────────── tidyverse 1.3.0 ──
✔ ggplot2 3.3.0     ✔ purrr   0.3.4
✔ tibble  3.0.1     ✔ dplyr   1.0.2
✔ tidyr   1.0.2     ✔ stringr 1.4.0
✔ readr   1.3.1     ✔ forcats 0.5.0
── Conflicts ────────────────────────────────────────── tidyverse_conflicts() ──
✖ dplyr::filter() masks stats::filter()
✖ dplyr::lag()    masks stats::lag()
Loading required package: rngWELL
This is randtoolbox. For an overview, type 'help("randtoolbox")'.

Attaching package: ‘foreach’

The following objects are masked from ‘package:purrr’:

    accumulate, when

Loading required package: iterators
Loading required package: parallel
[1] "start with 24 workers"
[[1]]
 [1] "doParallel"  "parallel"    "iterators"   "foreach"     "tictoc"     
 [6] "randtoolbox" "rngWELL"     "rngtools"    "erf"         "grf"        
[11] "forcats"     "stringr"     "dplyr"       "purrr"       "readr"      
[16] "tidyr"       "tibble"      "ggplot2"     "tidyverse"   "stats"      
[21] "graphics"    "grDevices"   "utils"       "datasets"    "methods"    
[26] "base"       

[[2]]
 [1] "doParallel"  "parallel"    "iterators"   "foreach"     "tictoc"     
 [6] "randtoolbox" "rngWELL"     "rngtools"    "erf"         "grf"        
[11] "forcats"     "stringr"     "dplyr"       "purrr"       "readr"      
[16] "tidyr"       "tibble"      "ggplot2"     "tidyverse"   "stats"      
[21] "graphics"    "grDevices"   "utils"       "datasets"    "methods"    
[26] "base"       

[[3]]
 [1] "doParallel"  "parallel"    "iterators"   "foreach"     "tictoc"     
 [6] "randtoolbox" "rngWELL"     "rngtools"    "erf"         "grf"        
[11] "forcats"     "stringr"     "dplyr"       "purrr"       "readr"      
[16] "tidyr"       "tibble"      "ggplot2"     "tidyverse"   "stats"      
[21] "graphics"    "grDevices"   "utils"       "datasets"    "methods"    
[26] "base"       

[[4]]
 [1] "doParallel"  "parallel"    "iterators"   "foreach"     "tictoc"     
 [6] "randtoolbox" "rngWELL"     "rngtools"    "erf"         "grf"        
[11] "forcats"     "stringr"     "dplyr"       "purrr"       "readr"      
[16] "tidyr"       "tibble"      "ggplot2"     "tidyverse"   "stats"      
[21] "graphics"    "grDevices"   "utils"       "datasets"    "methods"    
[26] "base"       

[[5]]
 [1] "doParallel"  "parallel"    "iterators"   "foreach"     "tictoc"     
 [6] "randtoolbox" "rngWELL"     "rngtools"    "erf"         "grf"        
[11] "forcats"     "stringr"     "dplyr"       "purrr"       "readr"      
[16] "tidyr"       "tibble"      "ggplot2"     "tidyverse"   "stats"      
[21] "graphics"    "grDevices"   "utils"       "datasets"    "methods"    
[26] "base"       

[[6]]
 [1] "doParallel"  "parallel"    "iterators"   "foreach"     "tictoc"     
 [6] "randtoolbox" "rngWELL"     "rngtools"    "erf"         "grf"        
[11] "forcats"     "stringr"     "dplyr"       "purrr"       "readr"      
[16] "tidyr"       "tibble"      "ggplot2"     "tidyverse"   "stats"      
[21] "graphics"    "grDevices"   "utils"       "datasets"    "methods"    
[26] "base"       

[[7]]
 [1] "doParallel"  "parallel"    "iterators"   "foreach"     "tictoc"     
 [6] "randtoolbox" "rngWELL"     "rngtools"    "erf"         "grf"        
[11] "forcats"     "stringr"     "dplyr"       "purrr"       "readr"      
[16] "tidyr"       "tibble"      "ggplot2"     "tidyverse"   "stats"      
[21] "graphics"    "grDevices"   "utils"       "datasets"    "methods"    
[26] "base"       

[[8]]
 [1] "doParallel"  "parallel"    "iterators"   "foreach"     "tictoc"     
 [6] "randtoolbox" "rngWELL"     "rngtools"    "erf"         "grf"        
[11] "forcats"     "stringr"     "dplyr"       "purrr"       "readr"      
[16] "tidyr"       "tibble"      "ggplot2"     "tidyverse"   "stats"      
[21] "graphics"    "grDevices"   "utils"       "datasets"    "methods"    
[26] "base"       

[[9]]
 [1] "doParallel"  "parallel"    "iterators"   "foreach"     "tictoc"     
 [6] "randtoolbox" "rngWELL"     "rngtools"    "erf"         "grf"        
[11] "forcats"     "stringr"     "dplyr"       "purrr"       "readr"      
[16] "tidyr"       "tibble"      "ggplot2"     "tidyverse"   "stats"      
[21] "graphics"    "grDevices"   "utils"       "datasets"    "methods"    
[26] "base"       

[[10]]
 [1] "doParallel"  "parallel"    "iterators"   "foreach"     "tictoc"     
 [6] "randtoolbox" "rngWELL"     "rngtools"    "erf"         "grf"        
[11] "forcats"     "stringr"     "dplyr"       "purrr"       "readr"      
[16] "tidyr"       "tibble"      "ggplot2"     "tidyverse"   "stats"      
[21] "graphics"    "grDevices"   "utils"       "datasets"    "methods"    
[26] "base"       

[[11]]
 [1] "doParallel"  "parallel"    "iterators"   "foreach"     "tictoc"     
 [6] "randtoolbox" "rngWELL"     "rngtools"    "erf"         "grf"        
[11] "forcats"     "stringr"     "dplyr"       "purrr"       "readr"      
[16] "tidyr"       "tibble"      "ggplot2"     "tidyverse"   "stats"      
[21] "graphics"    "grDevices"   "utils"       "datasets"    "methods"    
[26] "base"       

[[12]]
 [1] "doParallel"  "parallel"    "iterators"   "foreach"     "tictoc"     
 [6] "randtoolbox" "rngWELL"     "rngtools"    "erf"         "grf"        
[11] "forcats"     "stringr"     "dplyr"       "purrr"       "readr"      
[16] "tidyr"       "tibble"      "ggplot2"     "tidyverse"   "stats"      
[21] "graphics"    "grDevices"   "utils"       "datasets"    "methods"    
[26] "base"       

[[13]]
 [1] "doParallel"  "parallel"    "iterators"   "foreach"     "tictoc"     
 [6] "randtoolbox" "rngWELL"     "rngtools"    "erf"         "grf"        
[11] "forcats"     "stringr"     "dplyr"       "purrr"       "readr"      
[16] "tidyr"       "tibble"      "ggplot2"     "tidyverse"   "stats"      
[21] "graphics"    "grDevices"   "utils"       "datasets"    "methods"    
[26] "base"       

[[14]]
 [1] "doParallel"  "parallel"    "iterators"   "foreach"     "tictoc"     
 [6] "randtoolbox" "rngWELL"     "rngtools"    "erf"         "grf"        
[11] "forcats"     "stringr"     "dplyr"       "purrr"       "readr"      
[16] "tidyr"       "tibble"      "ggplot2"     "tidyverse"   "stats"      
[21] "graphics"    "grDevices"   "utils"       "datasets"    "methods"    
[26] "base"       

[[15]]
 [1] "doParallel"  "parallel"    "iterators"   "foreach"     "tictoc"     
 [6] "randtoolbox" "rngWELL"     "rngtools"    "erf"         "grf"        
[11] "forcats"     "stringr"     "dplyr"       "purrr"       "readr"      
[16] "tidyr"       "tibble"      "ggplot2"     "tidyverse"   "stats"      
[21] "graphics"    "grDevices"   "utils"       "datasets"    "methods"    
[26] "base"       

[[16]]
 [1] "doParallel"  "parallel"    "iterators"   "foreach"     "tictoc"     
 [6] "randtoolbox" "rngWELL"     "rngtools"    "erf"         "grf"        
[11] "forcats"     "stringr"     "dplyr"       "purrr"       "readr"      
[16] "tidyr"       "tibble"      "ggplot2"     "tidyverse"   "stats"      
[21] "graphics"    "grDevices"   "utils"       "datasets"    "methods"    
[26] "base"       

[[17]]
 [1] "doParallel"  "parallel"    "iterators"   "foreach"     "tictoc"     
 [6] "randtoolbox" "rngWELL"     "rngtools"    "erf"         "grf"        
[11] "forcats"     "stringr"     "dplyr"       "purrr"       "readr"      
[16] "tidyr"       "tibble"      "ggplot2"     "tidyverse"   "stats"      
[21] "graphics"    "grDevices"   "utils"       "datasets"    "methods"    
[26] "base"       

[[18]]
 [1] "doParallel"  "parallel"    "iterators"   "foreach"     "tictoc"     
 [6] "randtoolbox" "rngWELL"     "rngtools"    "erf"         "grf"        
[11] "forcats"     "stringr"     "dplyr"       "purrr"       "readr"      
[16] "tidyr"       "tibble"      "ggplot2"     "tidyverse"   "stats"      
[21] "graphics"    "grDevices"   "utils"       "datasets"    "methods"    
[26] "base"       

[[19]]
 [1] "doParallel"  "parallel"    "iterators"   "foreach"     "tictoc"     
 [6] "randtoolbox" "rngWELL"     "rngtools"    "erf"         "grf"        
[11] "forcats"     "stringr"     "dplyr"       "purrr"       "readr"      
[16] "tidyr"       "tibble"      "ggplot2"     "tidyverse"   "stats"      
[21] "graphics"    "grDevices"   "utils"       "datasets"    "methods"    
[26] "base"       

[[20]]
 [1] "doParallel"  "parallel"    "iterators"   "foreach"     "tictoc"     
 [6] "randtoolbox" "rngWELL"     "rngtools"    "erf"         "grf"        
[11] "forcats"     "stringr"     "dplyr"       "purrr"       "readr"      
[16] "tidyr"       "tibble"      "ggplot2"     "tidyverse"   "stats"      
[21] "graphics"    "grDevices"   "utils"       "datasets"    "methods"    
[26] "base"       

[[21]]
 [1] "doParallel"  "parallel"    "iterators"   "foreach"     "tictoc"     
 [6] "randtoolbox" "rngWELL"     "rngtools"    "erf"         "grf"        
[11] "forcats"     "stringr"     "dplyr"       "purrr"       "readr"      
[16] "tidyr"       "tibble"      "ggplot2"     "tidyverse"   "stats"      
[21] "graphics"    "grDevices"   "utils"       "datasets"    "methods"    
[26] "base"       

[[22]]
 [1] "doParallel"  "parallel"    "iterators"   "foreach"     "tictoc"     
 [6] "randtoolbox" "rngWELL"     "rngtools"    "erf"         "grf"        
[11] "forcats"     "stringr"     "dplyr"       "purrr"       "readr"      
[16] "tidyr"       "tibble"      "ggplot2"     "tidyverse"   "stats"      
[21] "graphics"    "grDevices"   "utils"       "datasets"    "methods"    
[26] "base"       

[[23]]
 [1] "doParallel"  "parallel"    "iterators"   "foreach"     "tictoc"     
 [6] "randtoolbox" "rngWELL"     "rngtools"    "erf"         "grf"        
[11] "forcats"     "stringr"     "dplyr"       "purrr"       "readr"      
[16] "tidyr"       "tibble"      "ggplot2"     "tidyverse"   "stats"      
[21] "graphics"    "grDevices"   "utils"       "datasets"    "methods"    
[26] "base"       

[[24]]
 [1] "doParallel"  "parallel"    "iterators"   "foreach"     "tictoc"     
 [6] "randtoolbox" "rngWELL"     "rngtools"    "erf"         "grf"        
[11] "forcats"     "stringr"     "dplyr"       "purrr"       "readr"      
[16] "tidyr"       "tibble"      "ggplot2"     "tidyverse"   "stats"      
[21] "graphics"    "grDevices"   "utils"       "datasets"    "methods"    
[26] "base"       

